<?xml version="1.0" encoding="UTF-8"?>
<!-- Generated by org.testng.reporters.JUnitReportReporter -->
<testsuite hostname="DESKTOP-QRS5SOS" failures="0" tests="3" name="stream.Demo1" time="12.595" errors="0" timestamp="2023-07-16T22:28:20 IST" skipped="0">
  <testcase classname="stream.Demo1" name="reverseOrderPositionWithReverseEachWords" time="8.823"/>
  <system-out/>
  <testcase classname="stream.Demo1" name="reverseOrderPosition" time="2.036"/>
  <system-out/>
  <testcase classname="stream.Demo1" name="reverse" time="1.736"/>
  <system-out/>
</testsuite> <!-- stream.Demo1 -->
