<?xml version="1.0" encoding="UTF-8"?>
<!-- Generated by org.testng.reporters.JUnitReportReporter -->
<testsuite hostname="DESKTOP-QRS5SOS" failures="0" tests="2" name="stream.Demo2" time="0.040" errors="0" timestamp="2023-07-17T18:57:42 IST" skipped="0">
  <testcase classname="stream.Demo2" name="minarray" time="0.025"/>
  <system-out/>
  <testcase classname="stream.Demo2" name="evenOdd" time="0.015"/>
  <system-out/>
</testsuite> <!-- stream.Demo2 -->
