<?xml version="1.0" encoding="UTF-8"?>
<!-- Generated by org.testng.reporters.JUnitReportReporter -->
<testsuite hostname="DESKTOP-QRS5SOS" failures="0" tests="1" name="programming.StringProgram" time="6.485" errors="0" timestamp="2023-06-05T19:36:22 IST" skipped="0">
  <testcase classname="programming.StringProgram" name="reverseEachString" time="6.485"/>
  <system-out/>
</testsuite> <!-- programming.StringProgram -->
